<?xml version="1.0" encoding="UTF-8"?>
<testng-results ignored="21" total="27" passed="6" failed="0" skipped="0">
  <reporter-output>
  </reporter-output>
  <suite started-at="2022-03-31T12:46:15 EDT" name="Suite" finished-at="2022-03-31T12:49:58 EDT" duration-ms="222898">
    <groups>
      <group name="Sanity">
        <method signature="AddToCartPageTest.addToCartTest(java.lang.String, java.lang.String, java.lang.String)[pri:0, instance:com.mystore.testcases.AddToCartPageTest@4d910fd6]" name="addToCartTest" class="com.mystore.testcases.AddToCartPageTest"/>
      </group> <!-- Sanity -->
      <group name="Regression">
        <method signature="AccountCreationPageTest.createAccountTest(java.util.HashMap)[pri:0, instance:com.mystore.testcases.AccountCreationPageTest@26275bef]" name="createAccountTest" class="com.mystore.testcases.AccountCreationPageTest"/>
        <method signature="AddToCartPageTest.addToCartTest(java.lang.String, java.lang.String, java.lang.String)[pri:0, instance:com.mystore.testcases.AddToCartPageTest@4d910fd6]" name="addToCartTest" class="com.mystore.testcases.AddToCartPageTest"/>
        <method signature="EndToEndTest.endToEndTest(java.lang.String, java.lang.String, java.lang.String)[pri:0, instance:com.mystore.testcases.EndToEndTest@7690781]" name="endToEndTest" class="com.mystore.testcases.EndToEndTest"/>
        <method signature="OrderPageTest.verifyTotalPrice(java.lang.String, java.lang.String, java.lang.String)[pri:0, instance:com.mystore.testcases.OrderPageTest@140c9f39]" name="verifyTotalPrice" class="com.mystore.testcases.OrderPageTest"/>
      </group> <!-- Regression -->
    </groups>
    <test started-at="2022-03-31T12:46:15 EDT" name="Regression" finished-at="2022-03-31T12:49:58 EDT" duration-ms="222898">
      <class name="com.mystore.testcases.AccountCreationPageTest">
        <test-method is-config="true" signature="setup(java.lang.String)[pri:0, instance:com.mystore.testcases.AccountCreationPageTest@26275bef]" started-at="2022-03-31T12:49:00 EDT" name="setup" finished-at="2022-03-31T12:49:08 EDT" duration-ms="7870" status="PASS">
          <params>
            <param index="0">
              <value>
                <![CDATA[Chrome]]>
              </value>
            </param>
          </params>
          <reporter-output>
          </reporter-output>
        </test-method> <!-- setup -->
        <test-method signature="createAccountTest(java.util.HashMap)[pri:0, instance:com.mystore.testcases.AccountCreationPageTest@26275bef]" started-at="2022-03-31T12:49:08 EDT" name="createAccountTest" data-provider="newAcountDetailsData" finished-at="2022-03-31T12:49:23 EDT" duration-ms="14709" status="PASS">
          <params>
            <param index="0">
              <value>
                <![CDATA[{Company=ABCDEF, Email=newtestk4@gmail.com, Address=EDFG123, FirstName=TestUser, Gender=Mrs, City=San, MobilePhone=8489875678, Month=7, Year=1985, State=Alabama, Zipcode=91436, Country=United States, LastName=UserTest, SetPassword=hgsdtyf, Day=22}]]>
              </value>
            </param>
          </params>
          <reporter-output>
          </reporter-output>
        </test-method> <!-- createAccountTest -->
        <test-method is-config="true" signature="tearDown()[pri:0, instance:com.mystore.testcases.AccountCreationPageTest@26275bef]" started-at="2022-03-31T12:49:23 EDT" name="tearDown" finished-at="2022-03-31T12:49:24 EDT" duration-ms="878" status="PASS">
          <reporter-output>
          </reporter-output>
        </test-method> <!-- tearDown -->
        <test-method is-config="true" signature="setup(java.lang.String)[pri:0, instance:com.mystore.testcases.AccountCreationPageTest@26275bef]" started-at="2022-03-31T12:49:24 EDT" name="setup" finished-at="2022-03-31T12:49:28 EDT" duration-ms="4013" status="PASS">
          <params>
            <param index="0">
              <value>
                <![CDATA[Chrome]]>
              </value>
            </param>
          </params>
          <reporter-output>
          </reporter-output>
        </test-method> <!-- setup -->
        <test-method signature="createAccountTest(java.util.HashMap)[pri:0, instance:com.mystore.testcases.AccountCreationPageTest@26275bef]" started-at="2022-03-31T12:49:28 EDT" name="createAccountTest" data-provider="newAcountDetailsData" finished-at="2022-03-31T12:49:39 EDT" duration-ms="11449" status="PASS">
          <params>
            <param index="0">
              <value>
                <![CDATA[{Company=ABCDEF, Email=newtestk5@gmail.com, Address=EDFG123, FirstName=TestUser, Gender=Mrs, City=San, MobilePhone=8489875678, Month=7, Year=1985, State=Alabama, Zipcode=91436, Country=United States, LastName=UserTest, SetPassword=hgsdtyf, Day=22}]]>
              </value>
            </param>
          </params>
          <reporter-output>
          </reporter-output>
        </test-method> <!-- createAccountTest -->
        <test-method is-config="true" signature="tearDown()[pri:0, instance:com.mystore.testcases.AccountCreationPageTest@26275bef]" started-at="2022-03-31T12:49:39 EDT" name="tearDown" finished-at="2022-03-31T12:49:40 EDT" duration-ms="1048" status="PASS">
          <reporter-output>
          </reporter-output>
        </test-method> <!-- tearDown -->
        <test-method is-config="true" signature="setup(java.lang.String)[pri:0, instance:com.mystore.testcases.AccountCreationPageTest@26275bef]" started-at="2022-03-31T12:49:40 EDT" name="setup" finished-at="2022-03-31T12:49:44 EDT" duration-ms="4165" status="PASS">
          <params>
            <param index="0">
              <value>
                <![CDATA[Chrome]]>
              </value>
            </param>
          </params>
          <reporter-output>
          </reporter-output>
        </test-method> <!-- setup -->
        <test-method signature="createAccountTest(java.util.HashMap)[pri:0, instance:com.mystore.testcases.AccountCreationPageTest@26275bef]" started-at="2022-03-31T12:49:44 EDT" name="createAccountTest" data-provider="newAcountDetailsData" finished-at="2022-03-31T12:49:57 EDT" duration-ms="12615" status="PASS">
          <params>
            <param index="0">
              <value>
                <![CDATA[{Company=ABCDEF, Email=newtestk6@gmail.com, Address=EDFG123, FirstName=TestUser, Gender=Mrs, City=San, MobilePhone=8489875678, Month=7, Year=1985, State=Alabama, Zipcode=91436, Country=United States, LastName=UserTest, SetPassword=hgsdtyf, Day=22}]]>
              </value>
            </param>
          </params>
          <reporter-output>
          </reporter-output>
        </test-method> <!-- createAccountTest -->
        <test-method is-config="true" signature="tearDown()[pri:0, instance:com.mystore.testcases.AccountCreationPageTest@26275bef]" started-at="2022-03-31T12:49:57 EDT" name="tearDown" finished-at="2022-03-31T12:49:58 EDT" duration-ms="1098" status="PASS">
          <reporter-output>
          </reporter-output>
        </test-method> <!-- tearDown -->
      </class> <!-- com.mystore.testcases.AccountCreationPageTest -->
      <class name="com.mystore.testcases.EndToEndTest">
        <test-method is-config="true" signature="setup(java.lang.String)[pri:0, instance:com.mystore.testcases.EndToEndTest@7690781]" started-at="2022-03-31T12:48:09 EDT" name="setup" finished-at="2022-03-31T12:48:19 EDT" duration-ms="10195" status="PASS">
          <params>
            <param index="0">
              <value>
                <![CDATA[Chrome]]>
              </value>
            </param>
          </params>
          <reporter-output>
          </reporter-output>
        </test-method> <!-- setup -->
        <test-method signature="endToEndTest(java.lang.String, java.lang.String, java.lang.String)[pri:0, instance:com.mystore.testcases.EndToEndTest@7690781]" started-at="2022-03-31T12:48:19 EDT" name="endToEndTest" data-provider="getProduct" finished-at="2022-03-31T12:48:59 EDT" duration-ms="40415" status="PASS">
          <params>
            <param index="0">
              <value>
                <![CDATA[t-shirt]]>
              </value>
            </param>
            <param index="1">
              <value>
                <![CDATA[2.0]]>
              </value>
            </param>
            <param index="2">
              <value>
                <![CDATA[M]]>
              </value>
            </param>
          </params>
          <reporter-output>
          </reporter-output>
        </test-method> <!-- endToEndTest -->
        <test-method is-config="true" signature="tearDown()[pri:0, instance:com.mystore.testcases.EndToEndTest@7690781]" started-at="2022-03-31T12:48:59 EDT" name="tearDown" finished-at="2022-03-31T12:49:00 EDT" duration-ms="1044" status="PASS">
          <reporter-output>
          </reporter-output>
        </test-method> <!-- tearDown -->
      </class> <!-- com.mystore.testcases.EndToEndTest -->
      <class name="com.mystore.testcases.AddToCartPageTest">
        <test-method is-config="true" signature="setup(java.lang.String)[pri:0, instance:com.mystore.testcases.AddToCartPageTest@4d910fd6]" started-at="2022-03-31T12:47:20 EDT" name="setup" finished-at="2022-03-31T12:47:33 EDT" duration-ms="12217" status="PASS">
          <params>
            <param index="0">
              <value>
                <![CDATA[Chrome]]>
              </value>
            </param>
          </params>
          <reporter-output>
          </reporter-output>
        </test-method> <!-- setup -->
        <test-method signature="addToCartTest(java.lang.String, java.lang.String, java.lang.String)[pri:0, instance:com.mystore.testcases.AddToCartPageTest@4d910fd6]" started-at="2022-03-31T12:47:33 EDT" name="addToCartTest" data-provider="getProduct" finished-at="2022-03-31T12:48:08 EDT" duration-ms="34932" status="PASS">
          <params>
            <param index="0">
              <value>
                <![CDATA[t-shirt]]>
              </value>
            </param>
            <param index="1">
              <value>
                <![CDATA[2.0]]>
              </value>
            </param>
            <param index="2">
              <value>
                <![CDATA[M]]>
              </value>
            </param>
          </params>
          <reporter-output>
          </reporter-output>
        </test-method> <!-- addToCartTest -->
        <test-method is-config="true" signature="tearDown()[pri:0, instance:com.mystore.testcases.AddToCartPageTest@4d910fd6]" started-at="2022-03-31T12:48:08 EDT" name="tearDown" finished-at="2022-03-31T12:48:08 EDT" duration-ms="923" status="PASS">
          <reporter-output>
          </reporter-output>
        </test-method> <!-- tearDown -->
      </class> <!-- com.mystore.testcases.AddToCartPageTest -->
      <class name="com.mystore.testcases.OrderPageTest">
        <test-method is-config="true" signature="setup(java.lang.String)[pri:0, instance:com.mystore.testcases.OrderPageTest@140c9f39]" started-at="2022-03-31T12:46:17 EDT" name="setup" finished-at="2022-03-31T12:46:30 EDT" duration-ms="13163" status="PASS">
          <params>
            <param index="0">
              <value>
                <![CDATA[Chrome]]>
              </value>
            </param>
          </params>
          <reporter-output>
          </reporter-output>
        </test-method> <!-- setup -->
        <test-method signature="verifyTotalPrice(java.lang.String, java.lang.String, java.lang.String)[pri:0, instance:com.mystore.testcases.OrderPageTest@140c9f39]" started-at="2022-03-31T12:46:30 EDT" name="verifyTotalPrice" data-provider="getProduct" finished-at="2022-03-31T12:47:19 EDT" duration-ms="48373" status="PASS">
          <params>
            <param index="0">
              <value>
                <![CDATA[t-shirt]]>
              </value>
            </param>
            <param index="1">
              <value>
                <![CDATA[2.0]]>
              </value>
            </param>
            <param index="2">
              <value>
                <![CDATA[M]]>
              </value>
            </param>
          </params>
          <reporter-output>
          </reporter-output>
        </test-method> <!-- verifyTotalPrice -->
        <test-method is-config="true" signature="tearDown()[pri:0, instance:com.mystore.testcases.OrderPageTest@140c9f39]" started-at="2022-03-31T12:47:19 EDT" name="tearDown" finished-at="2022-03-31T12:47:20 EDT" duration-ms="1211" status="PASS">
          <reporter-output>
          </reporter-output>
        </test-method> <!-- tearDown -->
      </class> <!-- com.mystore.testcases.OrderPageTest -->
      <class name="com.mystore.testcases.HomePageTest">
        <test-method is-config="true" signature="loadConfig()[pri:0, instance:com.mystore.testcases.HomePageTest@1f97cf0d]" started-at="2022-03-31T12:46:15 EDT" name="loadConfig" finished-at="2022-03-31T12:46:15 EDT" duration-ms="675" status="PASS">
          <reporter-output>
          </reporter-output>
        </test-method> <!-- loadConfig -->
        <test-method is-config="true" signature="afterSuite()[pri:0, instance:com.mystore.testcases.HomePageTest@1f97cf0d]" started-at="2022-03-31T12:49:58 EDT" name="afterSuite" finished-at="2022-03-31T12:49:59 EDT" duration-ms="383" status="PASS">
          <reporter-output>
          </reporter-output>
        </test-method> <!-- afterSuite -->
      </class> <!-- com.mystore.testcases.HomePageTest -->
    </test> <!-- Regression -->
  </suite> <!-- Suite -->
</testng-results>
